It is not LiteSpeed Server. So nothing write on htaccess file. Date is : 2020-01-09  11:29:17.

****************************

End of checking to be existing important directories

****************************

The directory for keep older files of avada was created succesfully at: 2020-01-09 11:29:17.
There is nothing to archive last Avada files: 2020-01-09  11:29:17

advanced-custom-fields-new.zip is copied in ../temp-source/03-avada-new-version-files/ successfully at: 2020-01-09 11:29:17.
avada-new.zip is copied in ../temp-source/03-avada-new-version-files/ successfully at: 2020-01-09 11:29:17.
fusion-builder-new.zip is copied in ../temp-source/03-avada-new-version-files/ successfully at: 2020-01-09 11:29:17.
fusion-core-new.zip is copied in ../temp-source/03-avada-new-version-files/ successfully at: 2020-01-09 11:29:17.

****************************


backup_2019-05-22-1345_localhost_ayande_1c21baf06e40-db.gz is copied in ../temp-source/07-updraft-bak/ successfully at: 2020-01-09 11:29:17.
backup_2019-05-22-1345_localhost_ayande_1c21baf06e40-others.zip is copied in ../temp-source/07-updraft-bak/ successfully at: 2020-01-09 11:29:17.
backup_2019-05-22-1345_localhost_ayande_1c21baf06e40-plugins.zip is copied in ../temp-source/07-updraft-bak/ successfully at: 2020-01-09 11:29:17.
backup_2019-05-22-1345_localhost_ayande_1c21baf06e40-themes.zip is copied in ../temp-source/07-updraft-bak/ successfully at: 2020-01-09 11:29:17.
backup_2019-05-22-1345_localhost_ayande_1c21baf06e40-uploads.zip is copied in ../temp-source/07-updraft-bak/ successfully at: 2020-01-09 11:29:17.
backup_2019-10-19-1749_localhost_ayande_bf26817c6088-db.gz is copied in ../temp-source/07-updraft-bak/ successfully at: 2020-01-09 11:29:17.
backup_2019-10-19-1749_localhost_ayande_bf26817c6088-others.zip is copied in ../temp-source/07-updraft-bak/ successfully at: 2020-01-09 11:29:17.
backup_2019-10-19-1749_localhost_ayande_bf26817c6088-plugins.zip is copied in ../temp-source/07-updraft-bak/ successfully at: 2020-01-09 11:29:17.
backup_2019-10-19-1749_localhost_ayande_bf26817c6088-themes.zip is copied in ../temp-source/07-updraft-bak/ successfully at: 2020-01-09 11:29:17.
backup_2019-10-19-1749_localhost_ayande_bf26817c6088-uploads.zip is copied in ../temp-source/07-updraft-bak/ successfully at: 2020-01-09 11:29:17.
backup_2020-01-09-1123_localhost_ayande_0de09977a4dc-db.gz is copied in ../temp-source/07-updraft-bak/ successfully at: 2020-01-09 11:29:17.
backup_2020-01-09-1123_localhost_ayande_0de09977a4dc-others.zip is copied in ../temp-source/07-updraft-bak/ successfully at: 2020-01-09 11:29:17.
backup_2020-01-09-1123_localhost_ayande_0de09977a4dc-plugins.zip is copied in ../temp-source/07-updraft-bak/ successfully at: 2020-01-09 11:29:17.
backup_2020-01-09-1123_localhost_ayande_0de09977a4dc-themes.zip is copied in ../temp-source/07-updraft-bak/ successfully at: 2020-01-09 11:29:17.
backup_2020-01-09-1123_localhost_ayande_0de09977a4dc-uploads.zip is copied in ../temp-source/07-updraft-bak/ successfully at: 2020-01-09 11:29:17.
log.0de09977a4dc.txt is copied in ../temp-source/07-updraft-bak/ successfully at: 2020-01-09 11:29:17.

****************************

Zipping whole site files backup was successfully done on: 2020-01-09  11:29:17.

****************************

The copy from << ../ayande/wp-content/plugins/fusion-builder/languages/fusion-builder-fa_IR.mo >> to << ../temp-source/04-avada-lang-bak/fusion-builder-fa_IR.mo >> was successful on: 2020-01-09  11:30:55.
The copy from << ../ayande/wp-content/plugins/fusion-builder/languages/fusion-builder-fa_IR.po >> to << ../temp-source/04-avada-lang-bak/fusion-builder-fa_IR.po >> was successful on: 2020-01-09  11:30:55.
The copy from << ../ayande/wp-content/plugins/fusion-core/languages/fusion-core-fa_IR.mo >> to << ../temp-source/04-avada-lang-bak/fusion-core-fa_IR.mo >> was successful on: 2020-01-09  11:30:55.
The copy from << ../ayande/wp-content/plugins/fusion-core/languages/fusion-core-fa_IR.po >> to << ../temp-source/04-avada-lang-bak/fusion-core-fa_IR.po >> was successful on: 2020-01-09  11:30:55.

****************************

The copy of directory from << ../ayande/wp-content/themes/Avada/ >> to << ../temp-source/02-avada-older-versions/5.9.0-ayande/Avada/ >> was successful on: 2020-01-09  11:31:00.
The copy of directory from << ../ayande/wp-content/plugins/fusion-builder/ >> to << ../temp-source/02-avada-older-versions/5.9.0-ayande/fusion-builder/ >> was successful on: 2020-01-09  11:31:06.
The copy of directory from << ../ayande/wp-content/plugins/fusion-core/ >> to << ../temp-source/02-avada-older-versions/5.9.0-ayande/fusion-core/ >> was successful on: 2020-01-09  11:31:06.
Removing of << ../ayande/wp-content/themes/Avada/ >>  was successful on: 2020-01-09  11:31:06.
Removing of << ../ayande/wp-content/plugins/fusion-builder/ >>  was successful on: 2020-01-09  11:31:09.
Removing of << ../ayande/wp-content/plugins/fusion-core/ >>  was successful on: 2020-01-09  11:31:12.

****************************

Unzipping from << ../temp-source/03-avada-new-version-files/avada-new.zip >> to << ../ayande/wp-content/themes/ >> was successful on: 2020-01-09  11:31:20.
Unzipping from << ../temp-source/03-avada-new-version-files/fusion-builder-new.zip >> to << ../ayande/wp-content/plugins/ >> was successful on: 2020-01-09  11:31:29.
Unzipping from << ../temp-source/03-avada-new-version-files/fusion-core-new.zip >> to << ../ayande/wp-content/plugins/ >> was successful on: 2020-01-09  11:31:29.

****************************

File: << ../temp-source/04-avada-lang-bak/fusion-builder-fa_IR.mo >> is successfully move to << ../ayande/wp-content/plugins/fusion-builder/languages/fusion-builder-fa_IR.mo >>  on : 2020-01-09 11:31:29.
File: << ../temp-source/04-avada-lang-bak/fusion-builder-fa_IR.po >> is successfully move to << ../ayande/wp-content/plugins/fusion-builder/languages/fusion-builder-fa_IR.po >>  on : 2020-01-09 11:31:29.
File: << ../temp-source/04-avada-lang-bak/fusion-core-fa_IR.mo >> is successfully move to << ../ayande/wp-content/plugins/fusion-core/languages/fusion-core-fa_IR.mo >>  on : 2020-01-09 11:31:29.
File: << ../temp-source/04-avada-lang-bak/fusion-core-fa_IR.po >> is successfully move to << ../ayande/wp-content/plugins/fusion-core/languages/fusion-core-fa_IR.po >>  on : 2020-01-09 11:31:29.

****************************

Removing << ../ayande/wp-content/themes/Avada-Child-Theme/languages/Avada.pot >> file was successful on: 2020-01-09  11:31:29.
The copy from << ../ayande/wp-content/themes/Avada/languages/Avada.pot >> to << ../ayande/wp-content/themes/Avada-Child-Theme/languages/Avada.pot >> was successful on: 2020-01-09  11:31:29.

****************************


backup_2019-05-22-1345_localhost_ayande_1c21baf06e40-db.gz is copied in ../ayande/wp-content/updraft/ successfully at: 2020-01-09 11:31:29.
backup_2019-05-22-1345_localhost_ayande_1c21baf06e40-others.zip is copied in ../ayande/wp-content/updraft/ successfully at: 2020-01-09 11:31:29.
backup_2019-05-22-1345_localhost_ayande_1c21baf06e40-plugins.zip is copied in ../ayande/wp-content/updraft/ successfully at: 2020-01-09 11:31:29.
backup_2019-05-22-1345_localhost_ayande_1c21baf06e40-themes.zip is copied in ../ayande/wp-content/updraft/ successfully at: 2020-01-09 11:31:29.
backup_2019-05-22-1345_localhost_ayande_1c21baf06e40-uploads.zip is copied in ../ayande/wp-content/updraft/ successfully at: 2020-01-09 11:31:29.
backup_2019-10-19-1749_localhost_ayande_bf26817c6088-db.gz is copied in ../ayande/wp-content/updraft/ successfully at: 2020-01-09 11:31:29.
backup_2019-10-19-1749_localhost_ayande_bf26817c6088-others.zip is copied in ../ayande/wp-content/updraft/ successfully at: 2020-01-09 11:31:29.
backup_2019-10-19-1749_localhost_ayande_bf26817c6088-plugins.zip is copied in ../ayande/wp-content/updraft/ successfully at: 2020-01-09 11:31:29.
backup_2019-10-19-1749_localhost_ayande_bf26817c6088-themes.zip is copied in ../ayande/wp-content/updraft/ successfully at: 2020-01-09 11:31:29.
backup_2019-10-19-1749_localhost_ayande_bf26817c6088-uploads.zip is copied in ../ayande/wp-content/updraft/ successfully at: 2020-01-09 11:31:29.
backup_2020-01-09-1123_localhost_ayande_0de09977a4dc-db.gz is copied in ../ayande/wp-content/updraft/ successfully at: 2020-01-09 11:31:29.
backup_2020-01-09-1123_localhost_ayande_0de09977a4dc-others.zip is copied in ../ayande/wp-content/updraft/ successfully at: 2020-01-09 11:31:29.
backup_2020-01-09-1123_localhost_ayande_0de09977a4dc-plugins.zip is copied in ../ayande/wp-content/updraft/ successfully at: 2020-01-09 11:31:29.
backup_2020-01-09-1123_localhost_ayande_0de09977a4dc-themes.zip is copied in ../ayande/wp-content/updraft/ successfully at: 2020-01-09 11:31:29.
backup_2020-01-09-1123_localhost_ayande_0de09977a4dc-uploads.zip is copied in ../ayande/wp-content/updraft/ successfully at: 2020-01-09 11:31:29.
log.0de09977a4dc.txt is copied in ../ayande/wp-content/updraft/ successfully at: 2020-01-09 11:31:29.

****************************

