It is not LiteSpeed Server. So nothing write on htaccess file. Date is : 2020-03-04  15:53:01.

****************************

End of checking to be existing important directories

****************************

The directory for keep older files of avada was created succesfully at: 2020-03-04 15:53:01.


****************************

Zipping whole site files backup was successfully done on: 2020-03-04  15:53:01.

****************************

The copy from << ../ayande/wp-content/plugins/fusion-builder/languages/fusion-builder-fa_IR.mo >> to << ../temp-source/04-avada-lang-bak/fusion-builder-fa_IR.mo >> was successful on: 2020-03-04  15:54:57.
The copy from << ../ayande/wp-content/plugins/fusion-builder/languages/fusion-builder-fa_IR.po >> to << ../temp-source/04-avada-lang-bak/fusion-builder-fa_IR.po >> was successful on: 2020-03-04  15:54:57.
The copy from << ../ayande/wp-content/plugins/fusion-core/languages/fusion-core-fa_IR.mo >> to << ../temp-source/04-avada-lang-bak/fusion-core-fa_IR.mo >> was successful on: 2020-03-04  15:54:57.
The copy from << ../ayande/wp-content/plugins/fusion-core/languages/fusion-core-fa_IR.po >> to << ../temp-source/04-avada-lang-bak/fusion-core-fa_IR.po >> was successful on: 2020-03-04  15:54:57.

****************************

The copy of directory from << ../ayande/wp-content/themes/Avada/ >> to << ../temp-source/02-avada-older-versions/6.1.3-ayande/Avada/ >> was successful on: 2020-03-04  15:55:08.
The copy of directory from << ../ayande/wp-content/plugins/fusion-builder/ >> to << ../temp-source/02-avada-older-versions/6.1.3-ayande/fusion-builder/ >> was successful on: 2020-03-04  15:55:19.
The copy of directory from << ../ayande/wp-content/plugins/fusion-core/ >> to << ../temp-source/02-avada-older-versions/6.1.3-ayande/fusion-core/ >> was successful on: 2020-03-04  15:55:19.
Removing of << ../ayande/wp-content/themes/Avada/ >>  was successful on: 2020-03-04  15:55:19.
Removing of << ../ayande/wp-content/plugins/fusion-builder/ >>  was successful on: 2020-03-04  15:55:28.
Removing of << ../ayande/wp-content/plugins/fusion-core/ >>  was successful on: 2020-03-04  15:55:35.

****************************

Unzipping from << ../temp-source/03-avada-new-version-files/avada-new.zip >> to << ../ayande/wp-content/themes/ >> was successful on: 2020-03-04  15:55:45.
Unzipping from << ../temp-source/03-avada-new-version-files/fusion-builder-new.zip >> to << ../ayande/wp-content/plugins/ >> was successful on: 2020-03-04  15:55:54.
Unzipping from << ../temp-source/03-avada-new-version-files/fusion-core-new.zip >> to << ../ayande/wp-content/plugins/ >> was successful on: 2020-03-04  15:55:54.

****************************

File: << ../temp-source/04-avada-lang-bak/fusion-builder-fa_IR.mo >> is successfully move to << ../ayande/wp-content/plugins/fusion-builder/languages/fusion-builder-fa_IR.mo >>  on : 2020-03-04 15:55:54.
File: << ../temp-source/04-avada-lang-bak/fusion-builder-fa_IR.po >> is successfully move to << ../ayande/wp-content/plugins/fusion-builder/languages/fusion-builder-fa_IR.po >>  on : 2020-03-04 15:55:54.
File: << ../temp-source/04-avada-lang-bak/fusion-core-fa_IR.mo >> is successfully move to << ../ayande/wp-content/plugins/fusion-core/languages/fusion-core-fa_IR.mo >>  on : 2020-03-04 15:55:54.
File: << ../temp-source/04-avada-lang-bak/fusion-core-fa_IR.po >> is successfully move to << ../ayande/wp-content/plugins/fusion-core/languages/fusion-core-fa_IR.po >>  on : 2020-03-04 15:55:54.

****************************

Removing << ../ayande/wp-content/themes/Avada-Child-Theme/languages/Avada.pot >> file was successful on: 2020-03-04  15:55:54.
The copy from << ../ayande/wp-content/themes/Avada/languages/Avada.pot >> to << ../ayande/wp-content/themes/Avada-Child-Theme/languages/Avada.pot >> was successful on: 2020-03-04  15:55:54.

****************************



****************************

