It is not LiteSpeed Server. So nothing write on htaccess file. Date is : 2019-12-27  18:38:38.

****************************

End of checking to be existing important directories

****************************

The directory keep older files of avada was already existed.

avada-new.zip is copied in ../temp-source/02-avada-older-versions/6.0.4-spec/ successfully at: 2019-12-27 18:38:38.
fusion-builder-new.zip is copied in ../temp-source/02-avada-older-versions/6.0.4-spec/ successfully at: 2019-12-27 18:38:38.
fusion-core-new.zip is copied in ../temp-source/02-avada-older-versions/6.0.4-spec/ successfully at: 2019-12-27 18:38:38.

advanced-custom-fields-new.zip is copied in ../temp-source/03-avada-new-version-files/ successfully at: 2019-12-27 18:38:38.
avada-new.zip is copied in ../temp-source/03-avada-new-version-files/ successfully at: 2019-12-27 18:38:38.
fusion-builder-new.zip is copied in ../temp-source/03-avada-new-version-files/ successfully at: 2019-12-27 18:38:38.
fusion-core-new.zip is copied in ../temp-source/03-avada-new-version-files/ successfully at: 2019-12-27 18:38:38.

****************************

It is not LiteSpeed Server. So nothing write on htaccess file. Date is : 2019-12-27  18:41:28.

****************************

End of checking to be existing important directories

****************************

The directory keep older files of avada was already existed.
It is not LiteSpeed Server. So nothing write on htaccess file. Date is : 2019-12-27  18:41:51.

****************************

End of checking to be existing important directories

****************************

The directory keep older files of avada was already existed.
There is nothing to archive last Avada files: 2019-12-27  18:41:51

advanced-custom-fields-new.zip is copied in ../temp-source/03-avada-new-version-files/ successfully at: 2019-12-27 18:41:51.
avada-new.zip is copied in ../temp-source/03-avada-new-version-files/ successfully at: 2019-12-27 18:41:51.
fusion-builder-new.zip is copied in ../temp-source/03-avada-new-version-files/ successfully at: 2019-12-27 18:41:51.
fusion-core-new.zip is copied in ../temp-source/03-avada-new-version-files/ successfully at: 2019-12-27 18:41:51.

****************************

It is not LiteSpeed Server. So nothing write on htaccess file. Date is : 2019-12-27  18:51:32.

****************************

End of checking to be existing important directories

****************************

The directory keep older files of avada was already existed.

testak is copied in ../temp-source/07-updraft-bak/ successfully at: 2019-12-27 18:51:32.
testforme is copied in ../temp-source/07-updraft-bak/ successfully at: 2019-12-27 18:51:32.
testforupdraft.zip is copied in ../temp-source/07-updraft-bak/ successfully at: 2019-12-27 18:51:32.

****************************

It is not LiteSpeed Server. So nothing write on htaccess file. Date is : 2019-12-27  18:52:29.

****************************

End of checking to be existing important directories

****************************

The directory keep older files of avada was already existed.

testak is copied in ../spec/wp-content/updraft/ successfully at: 2019-12-27 18:52:29.
testforme is copied in ../spec/wp-content/updraft/ successfully at: 2019-12-27 18:52:29.
testforupdraft.zip is copied in ../spec/wp-content/updraft/ successfully at: 2019-12-27 18:52:29.

****************************

It is not LiteSpeed Server. So nothing write on htaccess file. Date is : 2019-12-27  18:53:17.

****************************

End of checking to be existing important directories

****************************

The directory keep older files of avada was already existed.

testak is copied in ../temp-source/07-updraft-bak/ successfully at: 2019-12-27 18:53:17.
testforme is copied in ../temp-source/07-updraft-bak/ successfully at: 2019-12-27 18:53:17.
testforupdraft.zip is copied in ../temp-source/07-updraft-bak/ successfully at: 2019-12-27 18:53:17.

****************************


testak is copied in ../spec/wp-content/updraft/ successfully at: 2019-12-27 18:53:17.
testforme is copied in ../spec/wp-content/updraft/ successfully at: 2019-12-27 18:53:17.
testforupdraft.zip is copied in ../spec/wp-content/updraft/ successfully at: 2019-12-27 18:53:17.

****************************

It is not LiteSpeed Server. So nothing write on htaccess file. Date is : 2019-12-27  19:43:57.

****************************

End of checking to be existing important directories

****************************

The directory keep older files of avada was already existed.

testak is copied in ../temp-source/07-updraft-bak/ successfully at: 2019-12-27 19:43:57.
testforme is copied in ../temp-source/07-updraft-bak/ successfully at: 2019-12-27 19:43:57.
testforupdraft.zip is copied in ../temp-source/07-updraft-bak/ successfully at: 2019-12-27 19:43:57.

****************************

No need to zip Data! The Date for checking is : 2019-12-27  19:43:57
Unfortunately we can not move zipped whole site backup file to backup directory! The Date for this message is : 

testak is copied in ../spec/wp-content/updraft/ successfully at: 2019-12-27 19:43:57.
testforme is copied in ../spec/wp-content/updraft/ successfully at: 2019-12-27 19:43:57.
testforupdraft.zip is copied in ../spec/wp-content/updraft/ successfully at: 2019-12-27 19:43:57.

****************************

It is not LiteSpeed Server. So nothing write on htaccess file. Date is : 2019-12-27  19:48:13.

****************************

End of checking to be existing important directories

****************************

The directory keep older files of avada was already existed.

testak is copied in ../temp-source/07-updraft-bak/ successfully at: 2019-12-27 19:48:13.
testforme is copied in ../temp-source/07-updraft-bak/ successfully at: 2019-12-27 19:48:13.
testforupdraft.zip is copied in ../temp-source/07-updraft-bak/ successfully at: 2019-12-27 19:48:13.

****************************

No need to zip Data! The Date for checking is : 2019-12-27  19:48:13
Unfortunately we can not move zipped whole site backup file to backup directory! The Date for this message is : 

testak is copied in ../spec/wp-content/updraft/ successfully at: 2019-12-27 19:48:13.
testforme is copied in ../spec/wp-content/updraft/ successfully at: 2019-12-27 19:48:13.
testforupdraft.zip is copied in ../spec/wp-content/updraft/ successfully at: 2019-12-27 19:48:13.

****************************

It is not LiteSpeed Server. So nothing write on htaccess file. Date is : 2019-12-27  19:48:30.

****************************

End of checking to be existing important directories

****************************

The directory keep older files of avada was already existed.

testak is copied in ../temp-source/07-updraft-bak/ successfully at: 2019-12-27 19:48:30.
testforme is copied in ../temp-source/07-updraft-bak/ successfully at: 2019-12-27 19:48:30.
testforupdraft.zip is copied in ../temp-source/07-updraft-bak/ successfully at: 2019-12-27 19:48:30.

****************************

No need to zip Data! The Date for checking is : 2019-12-27  19:48:30
Unfortunately we can not move zipped whole site backup file to backup directory! The Date for this message is : 

testak is copied in ../spec/wp-content/updraft/ successfully at: 2019-12-27 19:48:30.
testforme is copied in ../spec/wp-content/updraft/ successfully at: 2019-12-27 19:48:30.
testforupdraft.zip is copied in ../spec/wp-content/updraft/ successfully at: 2019-12-27 19:48:30.

****************************

It is not LiteSpeed Server. So nothing write on htaccess file. Date is : 2019-12-27  19:51:24.

****************************

End of checking to be existing important directories

****************************

The directory keep older files of avada was already existed.

testak is copied in ../temp-source/07-updraft-bak/ successfully at: 2019-12-27 19:51:24.
testforme is copied in ../temp-source/07-updraft-bak/ successfully at: 2019-12-27 19:51:24.
testforupdraft.zip is copied in ../temp-source/07-updraft-bak/ successfully at: 2019-12-27 19:51:24.

****************************

No need to zip Data! The Date for checking is : 2019-12-27  19:51:24
Zipped whole site backeup file is successfully move to backup directory on : 

testak is copied in ../spec/wp-content/updraft/ successfully at: 2019-12-27 19:51:24.
testforme is copied in ../spec/wp-content/updraft/ successfully at: 2019-12-27 19:51:24.
testforupdraft.zip is copied in ../spec/wp-content/updraft/ successfully at: 2019-12-27 19:51:24.

****************************

It is not LiteSpeed Server. So nothing write on htaccess file. Date is : 2019-12-27  19:55:31.

****************************

End of checking to be existing important directories

****************************

The directory keep older files of avada was already existed.

testak is copied in ../temp-source/07-updraft-bak/ successfully at: 2019-12-27 19:55:31.
testforme is copied in ../temp-source/07-updraft-bak/ successfully at: 2019-12-27 19:55:31.
testforupdraft.zip is copied in ../temp-source/07-updraft-bak/ successfully at: 2019-12-27 19:55:31.

****************************

No need to zip Data! The Date for checking is : 2019-12-27  19:55:31
Zipped whole site backeup file is successfully move to backup directory on : 

testak is copied in ../spec/wp-content/updraft/ successfully at: 2019-12-27 19:55:31.
testforme is copied in ../spec/wp-content/updraft/ successfully at: 2019-12-27 19:55:31.
testforupdraft.zip is copied in ../spec/wp-content/updraft/ successfully at: 2019-12-27 19:55:31.

****************************

It is not LiteSpeed Server. So nothing write on htaccess file. Date is : 2019-12-27  19:57:30.

****************************

End of checking to be existing important directories

****************************

The directory keep older files of avada was already existed.

testak is copied in ../temp-source/07-updraft-bak/ successfully at: 2019-12-27 19:57:30.
testforme is copied in ../temp-source/07-updraft-bak/ successfully at: 2019-12-27 19:57:30.
testforupdraft.zip is copied in ../temp-source/07-updraft-bak/ successfully at: 2019-12-27 19:57:30.

****************************

No need to zip Data! The Date for checking is : 2019-12-27  19:57:30

testak is copied in ../spec/wp-content/updraft/ successfully at: 2019-12-27 19:57:30.
testforme is copied in ../spec/wp-content/updraft/ successfully at: 2019-12-27 19:57:30.
testforupdraft.zip is copied in ../spec/wp-content/updraft/ successfully at: 2019-12-27 19:57:30.

****************************

It is not LiteSpeed Server. So nothing write on htaccess file. Date is : 2019-12-27  20:01:17.

****************************

End of checking to be existing important directories

****************************

The directory keep older files of avada was already existed.

testak is copied in ../temp-source/07-updraft-bak/ successfully at: 2019-12-27 20:01:17.
testforme is copied in ../temp-source/07-updraft-bak/ successfully at: 2019-12-27 20:01:17.
testforupdraft.zip is copied in ../temp-source/07-updraft-bak/ successfully at: 2019-12-27 20:01:17.

****************************

No need to zip Data! The Date for checking is : 2019-12-27  20:01:17
There is no Zip file to move!!! The Date for checking is :2019-12-27  20:01:17

testak is copied in ../spec/wp-content/updraft/ successfully at: 2019-12-27 20:01:17.
testforme is copied in ../spec/wp-content/updraft/ successfully at: 2019-12-27 20:01:17.
testforupdraft.zip is copied in ../spec/wp-content/updraft/ successfully at: 2019-12-27 20:01:17.

****************************

It is not LiteSpeed Server. So nothing write on htaccess file. Date is : 2019-12-27  20:01:43.

****************************

End of checking to be existing important directories

****************************

The directory keep older files of avada was already existed.

testak is copied in ../temp-source/07-updraft-bak/ successfully at: 2019-12-27 20:01:43.
testforme is copied in ../temp-source/07-updraft-bak/ successfully at: 2019-12-27 20:01:43.
testforupdraft.zip is copied in ../temp-source/07-updraft-bak/ successfully at: 2019-12-27 20:01:43.

****************************

No need to zip Data! The Date for checking is : 2019-12-27  20:01:43
Zipped whole site backeup file is successfully move to backup directory on : 

testak is copied in ../spec/wp-content/updraft/ successfully at: 2019-12-27 20:01:43.
testforme is copied in ../spec/wp-content/updraft/ successfully at: 2019-12-27 20:01:43.
testforupdraft.zip is copied in ../spec/wp-content/updraft/ successfully at: 2019-12-27 20:01:43.

****************************

It is not LiteSpeed Server. So nothing write on htaccess file. Date is : 2019-12-27  20:04:05.

****************************

End of checking to be existing important directories

****************************

The directory keep older files of avada was already existed.

testak is copied in ../temp-source/07-updraft-bak/ successfully at: 2019-12-27 20:04:05.
testforme is copied in ../temp-source/07-updraft-bak/ successfully at: 2019-12-27 20:04:05.
testforupdraft.zip is copied in ../temp-source/07-updraft-bak/ successfully at: 2019-12-27 20:04:05.

****************************

No need to zip Data! The Date for checking is : 2019-12-27  20:04:05
Zipped whole site backeup file is successfully move to backup directory on : 2019-12-27 20:04:05.

testak is copied in ../spec/wp-content/updraft/ successfully at: 2019-12-27 20:04:05.
testforme is copied in ../spec/wp-content/updraft/ successfully at: 2019-12-27 20:04:05.
testforupdraft.zip is copied in ../spec/wp-content/updraft/ successfully at: 2019-12-27 20:04:05.

****************************

It is not LiteSpeed Server. So nothing write on htaccess file. Date is : 2019-12-27  20:04:19.

****************************

End of checking to be existing important directories

****************************

The directory keep older files of avada was already existed.

testak is copied in ../temp-source/07-updraft-bak/ successfully at: 2019-12-27 20:04:19.
testforme is copied in ../temp-source/07-updraft-bak/ successfully at: 2019-12-27 20:04:19.
testforupdraft.zip is copied in ../temp-source/07-updraft-bak/ successfully at: 2019-12-27 20:04:19.

****************************

No need to zip Data! The Date for checking is : 2019-12-27  20:04:19
There is no Zip file to move!!! The Date for checking is :2019-12-27  20:04:19

testak is copied in ../spec/wp-content/updraft/ successfully at: 2019-12-27 20:04:19.
testforme is copied in ../spec/wp-content/updraft/ successfully at: 2019-12-27 20:04:19.
testforupdraft.zip is copied in ../spec/wp-content/updraft/ successfully at: 2019-12-27 20:04:19.

****************************

