Unzipping from << ../temp-source/03-avada-new-version-files/avada-new.zip >> to << ../spec/wp-content/themes/ >> was successful on: 2020-03-04  09:07:37.
Unzipping from << ../temp-source/03-avada-new-version-files/fusion-builder-new.zip >> to << ../spec/wp-content/plugins/ >> was successful on: 2020-03-04  09:07:46.
Unzipping from << ../temp-source/03-avada-new-version-files/fusion-core-new.zip >> to << ../spec/wp-content/plugins/ >> was successful on: 2020-03-04  09:07:46.

****************************

File: << ../temp-source/04-avada-lang-bak/fusion-builder-fa_IR.mo >> is successfully move to << ../spec/wp-content/plugins/fusion-builder/languages/fusion-builder-fa_IR.mo >>  on : 2020-03-04 09:16:17.
File: << ../temp-source/04-avada-lang-bak/fusion-builder-fa_IR.po >> is successfully move to << ../spec/wp-content/plugins/fusion-builder/languages/fusion-builder-fa_IR.po >>  on : 2020-03-04 09:16:17.
File: << ../temp-source/04-avada-lang-bak/fusion-core-fa_IR.mo >> is successfully move to << ../spec/wp-content/plugins/fusion-core/languages/fusion-core-fa_IR.mo >>  on : 2020-03-04 09:16:17.
File: << ../temp-source/04-avada-lang-bak/fusion-core-fa_IR.po >> is successfully move to << ../spec/wp-content/plugins/fusion-core/languages/fusion-core-fa_IR.po >>  on : 2020-03-04 09:16:17.

****************************

Unfortunately << ../spec/wp-content/themes/Avada-Child-Theme/languages/Avada.pot >> file is not exist. So we can not remove it on: 2020-03-04  09:30:20!!!
We can not copy from << ../spec/wp-content/themes/Avada/languages/Avada.pot >> to << ../spec/wp-content/themes/Avada-Child-Theme/languages/Avada.pot >> on: 2020-03-04  09:30:20!!!

****************************

Unfortunately << ../spec/wp-content/themes/Avada-Child-Theme/languages/Avada.pot >> file is not exist. So we can not remove it on: 2020-03-04  09:34:29!!!
We can not copy from << ../spec/wp-content/themes/Avada/languages/Avada.pot >> to << ../spec/wp-content/themes/Avada-Child-Theme/languages/Avada.pot >> on: 2020-03-04  09:34:29!!!

****************************

Unfortunately << ../spec/wp-content/themes/Avada-Child-Theme/languages/Avada.pot >> file is not exist. So we can not remove it on: 2020-03-04  09:35:08!!!
We can not copy from << ../spec/wp-content/themes/Avada/languages/Avada.pot >> to << ../spec/wp-content/themes/Avada-Child-Theme/languages/Avada.pot >> on: 2020-03-04  09:35:08!!!

****************************

Unfortunately << ../spec/wp-content/themes/Avada-Child-Theme/languages/Avada.pot >> file is not exist. So we can not remove it on: 2020-03-04  09:37:42!!!
We can not copy from << ../spec/wp-content/themes/Avada/languages/Avada.pot >> to << ../spec/wp-content/themes/Avada-Child-Theme/languages/Avada.pot >> on: 2020-03-04  09:37:42!!!

****************************

Unfortunately << ../spec/wp-content/themes/Avada-Child-Theme/languages/Avada.pot >> file is not exist. So we can not remove it on: 2020-03-04  09:40:33!!!
We can not copy from << ../spec/wp-content/themes/Avada/languages/Avada.pot >> to << ../spec/wp-content/themes/Avada-Child-Theme/languages/Avada.pot >> on: 2020-03-04  09:40:33!!!

****************************

Unfortunately << ../spec/wp-content/themes/Avada-Child-Theme/languages/Avada.pot >> file is not exist. So we can not remove it on: 2020-03-04  09:42:02!!!
Unfortunately << ../spec/wp-content/themes/Avada-Child-Theme/languages/Avada.pot >> directory is not exist. So we can not copy it on: 2020-03-04  09:42:02!!!

****************************

Removing << ../spec/wp-content/themes/Avada-Child-Theme/languages/Avada.pot >> file was successful on: 2020-03-04  09:42:35.
The copy from << ../spec/wp-content/themes/Avada/languages/Avada.pot >> to << ../spec/wp-content/themes/Avada-Child-Theme/languages/Avada.pot >> was successful on: 2020-03-04  09:42:35.

****************************

