It is not LiteSpeed Server. So nothing write on htaccess file. Date is : 2019-12-29  00:01:32.

****************************

End of checking to be existing important directories

****************************

The directory keep older files of avada was already existed.

testak is copied in ../temp-source/07-updraft-bak/ successfully at: 2019-12-29 00:01:33.
testforme is copied in ../temp-source/07-updraft-bak/ successfully at: 2019-12-29 00:01:33.
testforupdraft.zip is copied in ../temp-source/07-updraft-bak/ successfully at: 2019-12-29 00:01:33.

****************************

Zipping whole site files backup was successfully done on: 2019-12-29  00:01:33.

****************************


testak is copied in ../spec/wp-content/updraft/ successfully at: 2019-12-29 00:02:42.
testforme is copied in ../spec/wp-content/updraft/ successfully at: 2019-12-29 00:02:42.
testforupdraft.zip is copied in ../spec/wp-content/updraft/ successfully at: 2019-12-29 00:02:42.

****************************

It is not LiteSpeed Server. So nothing write on htaccess file. Date is : 2019-12-29  00:11:05.

****************************

End of checking to be existing important directories

****************************

The directory keep older files of avada was already existed.

testak is copied in ../temp-source/07-updraft-bak/ successfully at: 2019-12-29 00:11:05.
testforme is copied in ../temp-source/07-updraft-bak/ successfully at: 2019-12-29 00:11:05.
testforupdraft.zip is copied in ../temp-source/07-updraft-bak/ successfully at: 2019-12-29 00:11:05.

****************************

Zipping whole site files backup was successfully done on: 2019-12-29  00:11:05.

****************************


testak is copied in ../spec/wp-content/updraft/ successfully at: 2019-12-29 00:11:47.
testforme is copied in ../spec/wp-content/updraft/ successfully at: 2019-12-29 00:11:47.
testforupdraft.zip is copied in ../spec/wp-content/updraft/ successfully at: 2019-12-29 00:11:47.

****************************

