It is not LiteSpeed Server. So nothing write on htaccess file. Date is : 2019-12-25  10:24:34.

****************************

It is not LiteSpeed Server. So nothing write on htaccess file. Date is : 2019-12-25  12:10:52.

****************************

It is not LiteSpeed Server. So nothing write on htaccess file. Date is : 2019-12-25  12:11:33.

****************************

It is not LiteSpeed Server. So nothing write on htaccess file. Date is : 2019-12-25  12:39:59.

****************************

The directory for keeping language files of Avada is created succesfully at: 2019-12-25 12:39:59.
The directory for keeping extra updraft files is created succesfully at: 2019-12-25 12:39:59.
The directory for keeping whole site files for update process is created succesfully at: 2019-12-25 12:39:59.
The directory for keeping log files of update process is created succesfully at: 2019-12-25 12:39:59.
End of checking to be existing important directories

****************************

It is not LiteSpeed Server. So nothing write on htaccess file. Date is : 2019-12-25  12:40:08.

****************************

End of checking to be existing important directories

****************************

It is not LiteSpeed Server. So nothing write on htaccess file. Date is : 2019-12-25  13:10:47.

****************************

End of checking to be existing important directories

****************************

Creating of directory to keep avada older version backups was successful.
It is not LiteSpeed Server. So nothing write on htaccess file. Date is : 2019-12-25  13:10:51.

****************************

End of checking to be existing important directories

****************************

The directory to keep older files of avada was already existed.
It is not LiteSpeed Server. So nothing write on htaccess file. Date is : 2019-12-25  13:10:54.

****************************

End of checking to be existing important directories

****************************

The directory to keep older files of avada was already existed.
It is not LiteSpeed Server. So nothing write on htaccess file. Date is : 2019-12-25  13:43:28.

****************************

The directory for keeping language files of Avada was created succesfully at: 2019-12-25 13:43:28.
The directory for keeping extra updraft files was created succesfully at: 2019-12-25 13:43:28.
The directory for keeping whole site files for update process was created succesfully at: 2019-12-25 13:43:28.
The directory for keeping log files of update process was created succesfully at: 2019-12-25 13:43:28.
End of checking to be existing important directories

****************************

The directory keep older files of avada was already existed.
It is not LiteSpeed Server. So nothing write on htaccess file. Date is : 2019-12-25  13:43:51.

****************************

End of checking to be existing important directories

****************************

The directory for keep older files of avada was created succesfully at: 2019-12-25 13:43:51.
It is not LiteSpeed Server. So nothing write on htaccess file. Date is : 2019-12-25  13:43:55.

****************************

End of checking to be existing important directories

****************************

The directory keep older files of avada was already existed.
