It is not LiteSpeed Server. So nothing write on htaccess file. Date is : 2019-12-31  15:43:23.

****************************

Error message created on: 2019-12-31  15:43:23.
You must put fusion core zip file in 01-temp-new-version-files directory!

****************************

It is not LiteSpeed Server. So nothing write on htaccess file. Date is : 2019-12-31  15:44:13.

****************************

The directory for keeping language files of Avada was created succesfully at: 2019-12-31 15:44:13.
The directory for keeping extra updraft files was created succesfully at: 2019-12-31 15:44:13.
The directory for keeping whole site files for update process was created succesfully at: 2019-12-31 15:44:13.
The directory for keeping log files of update process was created succesfully at: 2019-12-31 15:44:13.
End of checking to be existing important directories

****************************

The directory for keep older files of avada was created succesfully at: 2019-12-31 15:44:13.

avada-new.zip is copied in ../temp-source/02-avada-older-versions/6.0.5-spec/ successfully at: 2019-12-31 15:44:13.
fusion-builder-new.zip is copied in ../temp-source/02-avada-older-versions/6.0.5-spec/ successfully at: 2019-12-31 15:44:13.
fusion-core-new.zip is copied in ../temp-source/02-avada-older-versions/6.0.5-spec/ successfully at: 2019-12-31 15:44:13.

advanced-custom-fields-new.zip is copied in ../temp-source/03-avada-new-version-files/ successfully at: 2019-12-31 15:44:13.
avada-new.zip is copied in ../temp-source/03-avada-new-version-files/ successfully at: 2019-12-31 15:44:13.
fusion-builder-new.zip is copied in ../temp-source/03-avada-new-version-files/ successfully at: 2019-12-31 15:44:13.
fusion-core-new.zip is copied in ../temp-source/03-avada-new-version-files/ successfully at: 2019-12-31 15:44:13.

****************************


testak is copied in ../temp-source/07-updraft-bak/ successfully at: 2019-12-31 15:44:13.
testforme is copied in ../temp-source/07-updraft-bak/ successfully at: 2019-12-31 15:44:13.
testforupdraft.zip is copied in ../temp-source/07-updraft-bak/ successfully at: 2019-12-31 15:44:13.

****************************

The copy from << ../spec/wp-content/plugins/fusion-builder/languages/fusion-builder-fa_IR.mo >> to << ../temp-source/04-avada-lang-bak/fusion-builder-fa_IR.mo >> was successful on: 2019-12-31  15:44:13.
The copy from << ../spec/wp-content/plugins/fusion-builder/languages/fusion-builder-fa_IR.po >> to << ../temp-source/04-avada-lang-bak/fusion-builder-fa_IR.po >> was successful on: 2019-12-31  15:44:13.
The copy from << ../spec/wp-content/plugins/fusion-core/languages/fusion-core-fa_IR.mo >> to << ../temp-source/04-avada-lang-bak/fusion-core-fa_IR.mo >> was successful on: 2019-12-31  15:44:13.
The copy from << ../spec/wp-content/plugins/fusion-core/languages/fusion-core-fa_IR.po >> to << ../temp-source/04-avada-lang-bak/fusion-core-fa_IR.po >> was successful on: 2019-12-31  15:44:13.

****************************

The copy of directory from << ../spec/wp-content/themes/Avada/ >> to << ../temp-source/02-avada-older-versions/6.0.5-spec/Avada/ >> was successful on: 2019-12-31  15:44:23.
The copy of directory from << ../spec/wp-content/plugins/fusion-builder/ >> to << ../temp-source/02-avada-older-versions/6.0.5-spec/fusion-builder/ >> was successful on: 2019-12-31  15:44:32.
The copy of directory from << ../spec/wp-content/plugins/fusion-core/ >> to << ../temp-source/02-avada-older-versions/6.0.5-spec/fusion-core/ >> was successful on: 2019-12-31  15:44:33.

testak is copied in ../spec/wp-content/updraft/ successfully at: 2019-12-31 15:44:33.
testforme is copied in ../spec/wp-content/updraft/ successfully at: 2019-12-31 15:44:33.
testforupdraft.zip is copied in ../spec/wp-content/updraft/ successfully at: 2019-12-31 15:44:33.

****************************

It is not LiteSpeed Server. So nothing write on htaccess file. Date is : 2019-12-31  16:08:44.

****************************

End of checking to be existing important directories

****************************

The directory keep older files of avada was already existed.

testak is copied in ../temp-source/07-updraft-bak/ successfully at: 2019-12-31 16:08:44.
testforme is copied in ../temp-source/07-updraft-bak/ successfully at: 2019-12-31 16:08:45.
testforupdraft.zip is copied in ../temp-source/07-updraft-bak/ successfully at: 2019-12-31 16:08:45.

****************************

Zipping whole site files backup was successfully done on: 2019-12-31  16:08:45.

****************************

The copy from << ../spec/wp-content/plugins/fusion-builder/languages/fusion-builder-fa_IR.mo >> to << ../temp-source/04-avada-lang-bak/fusion-builder-fa_IR.mo >> was successful on: 2019-12-31  16:09:24.
The copy from << ../spec/wp-content/plugins/fusion-builder/languages/fusion-builder-fa_IR.po >> to << ../temp-source/04-avada-lang-bak/fusion-builder-fa_IR.po >> was successful on: 2019-12-31  16:09:24.
The copy from << ../spec/wp-content/plugins/fusion-core/languages/fusion-core-fa_IR.mo >> to << ../temp-source/04-avada-lang-bak/fusion-core-fa_IR.mo >> was successful on: 2019-12-31  16:09:24.
The copy from << ../spec/wp-content/plugins/fusion-core/languages/fusion-core-fa_IR.po >> to << ../temp-source/04-avada-lang-bak/fusion-core-fa_IR.po >> was successful on: 2019-12-31  16:09:24.

****************************

The copy of directory from << ../spec/wp-content/themes/Avada/ >> to << ../temp-source/02-avada-older-versions/6.0.5-spec/Avada/ >> was successful on: 2019-12-31  16:09:33.
The copy of directory from << ../spec/wp-content/plugins/fusion-builder/ >> to << ../temp-source/02-avada-older-versions/6.0.5-spec/fusion-builder/ >> was successful on: 2019-12-31  16:09:41.
The copy of directory from << ../spec/wp-content/plugins/fusion-core/ >> to << ../temp-source/02-avada-older-versions/6.0.5-spec/fusion-core/ >> was successful on: 2019-12-31  16:09:42.
Removing of << ../spec/wp-content/themes/Avada/ >>  was successful on: 2019-12-31  16:09:42.
Removing of << ../spec/wp-content/plugins/fusion-builder/ >>  was successful on: 2019-12-31  16:09:48.
Removing of << ../spec/wp-content/plugins/fusion-core/ >>  was successful on: 2019-12-31  16:09:53.

****************************


testak is copied in ../spec/wp-content/updraft/ successfully at: 2019-12-31 16:09:54.
testforme is copied in ../spec/wp-content/updraft/ successfully at: 2019-12-31 16:09:54.
testforupdraft.zip is copied in ../spec/wp-content/updraft/ successfully at: 2019-12-31 16:09:54.

****************************

