It is not LiteSpeed Server. So nothing write on htaccess file. Date is : 2019-12-26  22:10:57.

****************************

End of checking to be existing important directories

****************************

The directory keep older files of avada was already existed.
It is not LiteSpeed Server. So nothing write on htaccess file. Date is : 2019-12-26  22:18:31.

****************************

End of checking to be existing important directories

****************************

The directory keep older files of avada was already existed.
It is not LiteSpeed Server. So nothing write on htaccess file. Date is : 2019-12-26  22:20:17.

****************************

End of checking to be existing important directories

****************************

The directory keep older files of avada was already existed.
It is not LiteSpeed Server. So nothing write on htaccess file. Date is : 2019-12-26  22:21:06.

****************************

End of checking to be existing important directories

****************************

The directory keep older files of avada was already existed.
It is not LiteSpeed Server. So nothing write on htaccess file. Date is : 2019-12-26  22:40:25.

****************************

End of checking to be existing important directories

****************************

The directory keep older files of avada was already existed.
avada-new.zip is copied in ../temp-source/02-avada-older-versions/6.0.4-spec/ successfully at: 2019-12-26 22:40:25.
advanced-custom-fields-new.zip is copied in ../temp-source/03-avada-new-version-files/ successfully at: 2019-12-26 22:40:25.

****************************

It is not LiteSpeed Server. So nothing write on htaccess file. Date is : 2019-12-26  22:46:34.

****************************

End of checking to be existing important directories

****************************

The directory keep older files of avada was already existed.
It is not LiteSpeed Server. So nothing write on htaccess file. Date is : 2019-12-26  22:48:49.

****************************

End of checking to be existing important directories

****************************

The directory keep older files of avada was already existed.
It is not LiteSpeed Server. So nothing write on htaccess file. Date is : 2019-12-26  22:55:07.

****************************

End of checking to be existing important directories

****************************

The directory keep older files of avada was already existed.
It is not LiteSpeed Server. So nothing write on htaccess file. Date is : 2019-12-26  22:59:48.

****************************

End of checking to be existing important directories

****************************

The directory keep older files of avada was already existed.

avada-new.zip is copied in ../temp-source/02-avada-older-versions/6.0.4-spec/ successfully at: 2019-12-26 22:59:48.
fusion-builder-new.zip is copied in ../temp-source/02-avada-older-versions/6.0.4-spec/ successfully at: 2019-12-26 22:59:48.
fusion-core-new.zip is copied in ../temp-source/02-avada-older-versions/6.0.4-spec/ successfully at: 2019-12-26 22:59:48.

advanced-custom-fields-new.zip is copied in ../temp-source/03-avada-new-version-files/ successfully at: 2019-12-26 22:59:48.
avada-new.zip is copied in ../temp-source/03-avada-new-version-files/ successfully at: 2019-12-26 22:59:48.
fusion-builder-new.zip is copied in ../temp-source/03-avada-new-version-files/ successfully at: 2019-12-26 22:59:48.
fusion-core-new.zip is copied in ../temp-source/03-avada-new-version-files/ successfully at: 2019-12-26 22:59:48.

****************************

It is not LiteSpeed Server. So nothing write on htaccess file. Date is : 2019-12-26  23:00:45.

****************************

End of checking to be existing important directories

****************************

The directory keep older files of avada was already existed.
There is nothing to archive last Avada files: 2019-12-26  23:00:45

advanced-custom-fields-new.zip is copied in ../temp-source/03-avada-new-version-files/ successfully at: 2019-12-26 23:00:45.
avada-new.zip is copied in ../temp-source/03-avada-new-version-files/ successfully at: 2019-12-26 23:00:45.
fusion-builder-new.zip is copied in ../temp-source/03-avada-new-version-files/ successfully at: 2019-12-26 23:00:45.
fusion-core-new.zip is copied in ../temp-source/03-avada-new-version-files/ successfully at: 2019-12-26 23:00:45.

****************************

It is not LiteSpeed Server. So nothing write on htaccess file. Date is : 2019-12-26  23:18:16.

****************************

End of checking to be existing important directories

****************************

The directory keep older files of avada was already existed.
It is not LiteSpeed Server. So nothing write on htaccess file. Date is : 2019-12-26  23:21:03.

****************************

End of checking to be existing important directories

****************************

The directory keep older files of avada was already existed.
