It is not LiteSpeed Server. So nothing write on htaccess file. Date is : 2020-03-04  10:38:41.

****************************

End of checking to be existing important directories

****************************

The directory for keep older files of avada was created succesfully at: 2020-03-04 10:38:41.

emptydir is copied in ../temp-source/07-updraft-bak/ successfully at: 2020-03-04 10:38:41.
log.7645dcc2f8cb.txt is copied in ../temp-source/07-updraft-bak/ successfully at: 2020-03-04 10:38:41.

****************************

No need to zip Data! The Date for checking is : 2020-03-04  10:38:41
Zipped whole site backeup file is successfully move to backup directory on : 2020-03-04 10:38:41.

****************************

The copy from << ../wpweb/wp-content/plugins/fusion-builder/languages/fusion-builder-fa_IR.mo >> to << ../temp-source/04-avada-lang-bak/fusion-builder-fa_IR.mo >> was successful on: 2020-03-04  10:38:41.
The copy from << ../wpweb/wp-content/plugins/fusion-builder/languages/fusion-builder-fa_IR.po >> to << ../temp-source/04-avada-lang-bak/fusion-builder-fa_IR.po >> was successful on: 2020-03-04  10:38:41.
The copy from << ../wpweb/wp-content/plugins/fusion-core/languages/fusion-core-fa_IR.mo >> to << ../temp-source/04-avada-lang-bak/fusion-core-fa_IR.mo >> was successful on: 2020-03-04  10:38:41.
The copy from << ../wpweb/wp-content/plugins/fusion-core/languages/fusion-core-fa_IR.po >> to << ../temp-source/04-avada-lang-bak/fusion-core-fa_IR.po >> was successful on: 2020-03-04  10:38:41.

****************************

The copy of directory from << ../wpweb/wp-content/themes/Avada/ >> to << ../temp-source/02-avada-older-versions/6.1.2-wpweb/Avada/ >> was successful on: 2020-03-04  10:38:45.
The copy of directory from << ../wpweb/wp-content/plugins/fusion-builder/ >> to << ../temp-source/02-avada-older-versions/6.1.2-wpweb/fusion-builder/ >> was successful on: 2020-03-04  10:38:48.
The copy of directory from << ../wpweb/wp-content/plugins/fusion-core/ >> to << ../temp-source/02-avada-older-versions/6.1.2-wpweb/fusion-core/ >> was successful on: 2020-03-04  10:38:48.
Removing of << ../wpweb/wp-content/themes/Avada/ >>  was successful on: 2020-03-04  10:38:48.
Removing of << ../wpweb/wp-content/plugins/fusion-builder/ >>  was successful on: 2020-03-04  10:38:51.
Removing of << ../wpweb/wp-content/plugins/fusion-core/ >>  was successful on: 2020-03-04  10:38:53.

****************************

Unzipping from << ../temp-source/03-avada-new-version-files/avada-new.zip >> to << ../wpweb/wp-content/themes/ >> was successful on: 2020-03-04  10:38:57.
Unzipping from << ../temp-source/03-avada-new-version-files/fusion-builder-new.zip >> to << ../wpweb/wp-content/plugins/ >> was successful on: 2020-03-04  10:39:00.
Unzipping from << ../temp-source/03-avada-new-version-files/fusion-core-new.zip >> to << ../wpweb/wp-content/plugins/ >> was successful on: 2020-03-04  10:39:00.

****************************

File: << ../temp-source/04-avada-lang-bak/fusion-builder-fa_IR.mo >> is successfully move to << ../wpweb/wp-content/plugins/fusion-builder/languages/fusion-builder-fa_IR.mo >>  on : 2020-03-04 10:39:00.
File: << ../temp-source/04-avada-lang-bak/fusion-builder-fa_IR.po >> is successfully move to << ../wpweb/wp-content/plugins/fusion-builder/languages/fusion-builder-fa_IR.po >>  on : 2020-03-04 10:39:00.
File: << ../temp-source/04-avada-lang-bak/fusion-core-fa_IR.mo >> is successfully move to << ../wpweb/wp-content/plugins/fusion-core/languages/fusion-core-fa_IR.mo >>  on : 2020-03-04 10:39:00.
File: << ../temp-source/04-avada-lang-bak/fusion-core-fa_IR.po >> is successfully move to << ../wpweb/wp-content/plugins/fusion-core/languages/fusion-core-fa_IR.po >>  on : 2020-03-04 10:39:00.

****************************

Removing << ../wpweb/wp-content/themes/Avada-Child-Theme/languages/Avada.pot >> file was successful on: 2020-03-04  10:39:00.
The copy from << ../wpweb/wp-content/themes/Avada/languages/Avada.pot >> to << ../wpweb/wp-content/themes/Avada-Child-Theme/languages/Avada.pot >> was successful on: 2020-03-04  10:39:00.

****************************


emptydir is copied in ../wpweb/wp-content/updraft/ successfully at: 2020-03-04 10:39:00.
log.7645dcc2f8cb.txt is copied in ../wpweb/wp-content/updraft/ successfully at: 2020-03-04 10:39:00.

****************************

